bdwallet_pay_sdk/build/outputs/logs/manifest-merger-debug-report.txt
-- Merging decision tree log ---
manifest
ADDED from bdwallet_pay_sdk\AndroidManifest.xml:1:1-4:12
INJECTED from bdwallet_pay_sdk\AndroidManifest.xml:1:1-4:12
INJECTED from bdwallet_pay_sdk\AndroidManifest.xml:1:1-4:12
	package
		ADDED from bdwallet_pay_sdk\AndroidManifest.xml:2:5-35
		INJECTED from bdwallet_pay_sdk\AndroidManifest.xml
		INJECTED from bdwallet_pay_sdk\AndroidManifest.xml
	xmlns:android
		ADDED from bdwallet_pay_sdk\AndroidManifest.xml:1:11-69
uses-sdk
INJECTED from bdwallet_pay_sdk\AndroidManifest.xml reason: use-sdk injection requested
INJECTED from bdwallet_pay_sdk\AndroidManifest.xml
INJECTED from bdwallet_pay_sdk\AndroidManifest.xml
INJECTED from bdwallet_pay_sdk\AndroidManifest.xml
INJECTED from bdwallet_pay_sdk\AndroidManifest.xml
	android:targetSdkVersion
		INJECTED from bdwallet_pay_sdk\AndroidManifest.xml
		ADDED from bdwallet_pay_sdk\AndroidManifest.xml
		INJECTED from bdwallet_pay_sdk\AndroidManifest.xml
	android:minSdkVersion
		INJECTED from bdwallet_pay_sdk\AndroidManifest.xml
		ADDED from bdwallet_pay_sdk\AndroidManifest.xml
		INJECTED from bdwallet_pay_sdk\AndroidManifest.xml